2025-08-11 20:50:18.048 +03:00 [INF] WorkerAppABC starting: /Users/kemalutkumutlu/FileJobRouterEnYeni/data/Test/abc/Receipt-2142-4919.pdf -> /Users/kemalutkumutlu/FileJobRouterEnYeni/data/Processed/2025-08-11/abc/Receipt-2142-4919.pdf
2025-08-11 20:50:18.061 +03:00 [INF] Simulating device usage for 9 seconds
2025-08-11 20:50:27.087 +03:00 [INF] Read 290741 characters from input file
2025-08-11 20:50:27.111 +03:00 [INF] Converted content to uppercase
2025-08-11 20:50:27.117 +03:00 [INF] Wrote processed content to: /Users/kemalutkumutlu/FileJobRouterEnYeni/data/Processed/2025-08-11/abc/Receipt-2142-4919.pdf
2025-08-11 20:50:27.117 +03:00 [INF] WorkerAppABC completed successfully
2025-08-11 20:50:27.204 +03:00 [INF] WorkerAppABC starting: /Users/kemalutkumutlu/FileJobRouterEnYeni/data/Test/abc/Digital Slip 2025-08-04 1956099164796341171701334.pdf -> /Users/kemalutkumutlu/FileJobRouterEnYeni/data/Processed/2025-08-11/abc/Digital Slip 2025-08-04 1956099164796341171701334.pdf
2025-08-11 20:50:27.218 +03:00 [INF] Simulating device usage for 15 seconds
2025-08-11 20:50:42.237 +03:00 [INF] Read 33571 characters from input file
2025-08-11 20:50:42.259 +03:00 [INF] Converted content to uppercase
2025-08-11 20:50:42.262 +03:00 [INF] Wrote processed content to: /Users/kemalutkumutlu/FileJobRouterEnYeni/data/Processed/2025-08-11/abc/Digital Slip 2025-08-04 1956099164796341171701334.pdf
2025-08-11 20:50:42.262 +03:00 [INF] WorkerAppABC completed successfully
2025-08-11 20:54:15.489 +03:00 [INF] WorkerAppABC starting: /Users/kemalutkumutlu/FileJobRouterEnYeni/data/Test/abc/Katilim-Belgesi.pdf -> /Users/kemalutkumutlu/FileJobRouterEnYeni/data/Processed/2025-08-11/abc/Katilim-Belgesi.pdf
2025-08-11 20:54:15.503 +03:00 [INF] Simulating device usage for 10 seconds
2025-08-11 20:54:25.517 +03:00 [INF] Read 45200 characters from input file
2025-08-11 20:54:25.547 +03:00 [INF] Converted content to uppercase
2025-08-11 20:54:25.550 +03:00 [INF] Wrote processed content to: /Users/kemalutkumutlu/FileJobRouterEnYeni/data/Processed/2025-08-11/abc/Katilim-Belgesi.pdf
2025-08-11 20:54:25.550 +03:00 [INF] WorkerAppABC completed successfully
2025-08-11 20:54:25.636 +03:00 [INF] WorkerAppABC starting: /Users/kemalutkumutlu/FileJobRouterEnYeni/data/Test/abc/Katılım_KEMAL UTKU MUTLU.pdf -> /Users/kemalutkumutlu/FileJobRouterEnYeni/data/Processed/2025-08-11/abc/Katılım_KEMAL UTKU MUTLU.pdf
2025-08-11 20:54:25.649 +03:00 [INF] Simulating device usage for 10 seconds
2025-08-11 20:54:35.700 +03:00 [INF] Read 1603424 characters from input file
2025-08-11 20:54:35.728 +03:00 [INF] Converted content to uppercase
2025-08-11 20:54:35.736 +03:00 [INF] Wrote processed content to: /Users/kemalutkumutlu/FileJobRouterEnYeni/data/Processed/2025-08-11/abc/Katılım_KEMAL UTKU MUTLU.pdf
2025-08-11 20:54:35.736 +03:00 [INF] WorkerAppABC completed successfully
2025-08-11 20:54:35.817 +03:00 [INF] WorkerAppABC starting: /Users/kemalutkumutlu/FileJobRouterEnYeni/data/Test/abc/CV Kemal Utku Mutlu #1.pdf -> /Users/kemalutkumutlu/FileJobRouterEnYeni/data/Processed/2025-08-11/abc/CV Kemal Utku Mutlu #1.pdf
2025-08-11 20:54:35.830 +03:00 [INF] Simulating device usage for 13 seconds
2025-08-11 20:54:48.851 +03:00 [INF] Read 52157 characters from input file
2025-08-11 20:54:48.871 +03:00 [INF] Converted content to uppercase
2025-08-11 20:54:48.875 +03:00 [INF] Wrote processed content to: /Users/kemalutkumutlu/FileJobRouterEnYeni/data/Processed/2025-08-11/abc/CV Kemal Utku Mutlu #1.pdf
2025-08-11 20:54:48.875 +03:00 [INF] WorkerAppABC completed successfully
2025-08-11 20:54:48.980 +03:00 [INF] WorkerAppABC starting: /Users/kemalutkumutlu/FileJobRouterEnYeni/data/Test/abc/CV Kemal Utku Mutlu #1-2.pdf -> /Users/kemalutkumutlu/FileJobRouterEnYeni/data/Processed/2025-08-11/abc/CV Kemal Utku Mutlu #1-2.pdf
2025-08-11 20:54:48.993 +03:00 [INF] Simulating device usage for 14 seconds
2025-08-11 20:55:03.009 +03:00 [INF] Read 52571 characters from input file
2025-08-11 20:55:03.027 +03:00 [INF] Converted content to uppercase
2025-08-11 20:55:03.030 +03:00 [INF] Wrote processed content to: /Users/kemalutkumutlu/FileJobRouterEnYeni/data/Processed/2025-08-11/abc/CV Kemal Utku Mutlu #1-2.pdf
2025-08-11 20:55:03.031 +03:00 [INF] WorkerAppABC completed successfully
2025-08-11 20:55:03.140 +03:00 [INF] WorkerAppABC starting: /Users/kemalutkumutlu/FileJobRouterEnYeni/data/Test/abc/ATS_Tek_Sayfa_CV_Kemal_Utku_Mutlu.pdf -> /Users/kemalutkumutlu/FileJobRouterEnYeni/data/Processed/2025-08-11/abc/ATS_Tek_Sayfa_CV_Kemal_Utku_Mutlu.pdf
2025-08-11 20:55:03.155 +03:00 [INF] Simulating device usage for 11 seconds
2025-08-11 20:55:14.167 +03:00 [INF] Read 3797 characters from input file
2025-08-11 20:55:14.188 +03:00 [INF] Converted content to uppercase
2025-08-11 20:55:14.191 +03:00 [INF] Wrote processed content to: /Users/kemalutkumutlu/FileJobRouterEnYeni/data/Processed/2025-08-11/abc/ATS_Tek_Sayfa_CV_Kemal_Utku_Mutlu.pdf
2025-08-11 20:55:14.191 +03:00 [INF] WorkerAppABC completed successfully
2025-08-11 20:55:14.288 +03:00 [INF] WorkerAppABC starting: /Users/kemalutkumutlu/FileJobRouterEnYeni/data/Test/abc/ATS_CV_Sablon.docx -> /Users/kemalutkumutlu/FileJobRouterEnYeni/data/Processed/2025-08-11/abc/ATS_CV_Sablon.docx
2025-08-11 20:55:14.301 +03:00 [INF] Simulating device usage for 12 seconds
2025-08-11 20:55:26.323 +03:00 [INF] Read 35214 characters from input file
2025-08-11 20:55:26.345 +03:00 [INF] Converted content to uppercase
2025-08-11 20:55:26.348 +03:00 [INF] Wrote processed content to: /Users/kemalutkumutlu/FileJobRouterEnYeni/data/Processed/2025-08-11/abc/ATS_CV_Sablon.docx
2025-08-11 20:55:26.348 +03:00 [INF] WorkerAppABC completed successfully
2025-08-11 20:55:26.436 +03:00 [INF] WorkerAppABC starting: /Users/kemalutkumutlu/FileJobRouterEnYeni/data/Test/abc/CV Kemal Utku Mutlu #1-3.pdf -> /Users/kemalutkumutlu/FileJobRouterEnYeni/data/Processed/2025-08-11/abc/CV Kemal Utku Mutlu #1-3.pdf
2025-08-11 20:55:26.449 +03:00 [INF] Simulating device usage for 6 seconds
2025-08-11 20:55:32.464 +03:00 [INF] Read 48131 characters from input file
2025-08-11 20:55:32.485 +03:00 [INF] Converted content to uppercase
2025-08-11 20:55:32.487 +03:00 [INF] Wrote processed content to: /Users/kemalutkumutlu/FileJobRouterEnYeni/data/Processed/2025-08-11/abc/CV Kemal Utku Mutlu #1-3.pdf
2025-08-11 20:55:32.487 +03:00 [INF] WorkerAppABC completed successfully
2025-08-11 20:55:32.597 +03:00 [INF] WorkerAppABC starting: /Users/kemalutkumutlu/FileJobRouterEnYeni/data/Test/abc/IMG_3652.jpg -> /Users/kemalutkumutlu/FileJobRouterEnYeni/data/Processed/2025-08-11/abc/IMG_3652.jpg
2025-08-11 20:55:32.610 +03:00 [INF] Simulating device usage for 14 seconds
2025-08-11 20:55:46.635 +03:00 [INF] Read 348919 characters from input file
2025-08-11 20:55:46.662 +03:00 [INF] Converted content to uppercase
2025-08-11 20:55:46.668 +03:00 [INF] Wrote processed content to: /Users/kemalutkumutlu/FileJobRouterEnYeni/data/Processed/2025-08-11/abc/IMG_3652.jpg
2025-08-11 20:55:46.668 +03:00 [INF] WorkerAppABC completed successfully
2025-08-11 20:55:46.751 +03:00 [INF] WorkerAppABC starting: /Users/kemalutkumutlu/FileJobRouterEnYeni/data/Test/abc/CV_Kemal_Utku_Mutlu_Tek_Sayfa.pdf -> /Users/kemalutkumutlu/FileJobRouterEnYeni/data/Processed/2025-08-11/abc/CV_Kemal_Utku_Mutlu_Tek_Sayfa.pdf
2025-08-11 20:55:46.764 +03:00 [INF] Simulating device usage for 12 seconds
2025-08-11 20:55:58.783 +03:00 [INF] Read 5523 characters from input file
2025-08-11 20:55:58.805 +03:00 [INF] Converted content to uppercase
2025-08-11 20:55:58.807 +03:00 [INF] Wrote processed content to: /Users/kemalutkumutlu/FileJobRouterEnYeni/data/Processed/2025-08-11/abc/CV_Kemal_Utku_Mutlu_Tek_Sayfa.pdf
2025-08-11 20:55:58.807 +03:00 [INF] WorkerAppABC completed successfully
2025-08-11 20:55:58.938 +03:00 [INF] WorkerAppABC starting: /Users/kemalutkumutlu/FileJobRouterEnYeni/data/Test/abc/CV Kemal Utku Mutlu #1-4.pdf -> /Users/kemalutkumutlu/FileJobRouterEnYeni/data/Processed/2025-08-11/abc/CV Kemal Utku Mutlu #1-4.pdf
2025-08-11 20:55:58.951 +03:00 [INF] Simulating device usage for 11 seconds
2025-08-11 20:56:09.970 +03:00 [INF] Read 48466 characters from input file
2025-08-11 20:56:09.991 +03:00 [INF] Converted content to uppercase
2025-08-11 20:56:09.994 +03:00 [INF] Wrote processed content to: /Users/kemalutkumutlu/FileJobRouterEnYeni/data/Processed/2025-08-11/abc/CV Kemal Utku Mutlu #1-4.pdf
2025-08-11 20:56:09.994 +03:00 [INF] WorkerAppABC completed successfully
2025-08-11 20:56:10.101 +03:00 [INF] WorkerAppABC starting: /Users/kemalutkumutlu/FileJobRouterEnYeni/data/Test/abc/CV Kemal Utku Mutlu #1-5.pdf -> /Users/kemalutkumutlu/FileJobRouterEnYeni/data/Processed/2025-08-11/abc/CV Kemal Utku Mutlu #1-5.pdf
2025-08-11 20:56:10.114 +03:00 [INF] Simulating device usage for 13 seconds
2025-08-11 20:56:23.133 +03:00 [INF] Read 56358 characters from input file
2025-08-11 20:56:23.156 +03:00 [INF] Converted content to uppercase
2025-08-11 20:56:23.158 +03:00 [INF] Wrote processed content to: /Users/kemalutkumutlu/FileJobRouterEnYeni/data/Processed/2025-08-11/abc/CV Kemal Utku Mutlu #1-5.pdf
2025-08-11 20:56:23.159 +03:00 [INF] WorkerAppABC completed successfully
