2025-08-11 20:54:06.267 +03:00 [INF] WorkerAppXYZ starting: /Users/kemalutkumutlu/FileJobRouterEnYeni/data/Test/.DS_Store -> /Users/kemalutkumutlu/FileJobRouterEnYeni/data/Processed/2025-08-11/xyz/.DS_Store
2025-08-11 20:54:06.289 +03:00 [INF] Simulating device usage for 9 seconds
2025-08-11 20:54:15.304 +03:00 [INF] Read 6148 characters from input file
2025-08-11 20:54:15.305 +03:00 [INF] Reversed 3 lines
2025-08-11 20:54:15.307 +03:00 [INF] Wrote processed content to: /Users/kemalutkumutlu/FileJobRouterEnYeni/data/Processed/2025-08-11/xyz/.DS_Store
2025-08-11 20:54:15.309 +03:00 [INF] WorkerAppXYZ completed successfully
2025-08-11 20:58:36.173 +03:00 [INF] WorkerAppXYZ starting: /Users/kemalutkumutlu/FileJobRouterEnYeni/data/Test/xyz/Receipt-2142-4919.pdf -> /Users/kemalutkumutlu/FileJobRouterEnYeni/data/Processed/2025-08-11/xyz/Receipt-2142-4919.pdf
2025-08-11 20:58:36.187 +03:00 [INF] Simulating device usage for 15 seconds
2025-08-11 20:58:51.209 +03:00 [INF] Read 290741 characters from input file
2025-08-11 20:58:51.210 +03:00 [INF] Reversed 1213 lines
2025-08-11 20:58:51.216 +03:00 [INF] Wrote processed content to: /Users/kemalutkumutlu/FileJobRouterEnYeni/data/Processed/2025-08-11/xyz/Receipt-2142-4919.pdf
2025-08-11 20:58:51.216 +03:00 [INF] WorkerAppXYZ completed successfully
2025-08-11 20:58:51.288 +03:00 [INF] WorkerAppXYZ starting: /Users/kemalutkumutlu/FileJobRouterEnYeni/data/Test/xyz/Digital Slip 2025-08-04 1956099164796341171701334.pdf -> /Users/kemalutkumutlu/FileJobRouterEnYeni/data/Processed/2025-08-11/xyz/Digital Slip 2025-08-04 1956099164796341171701334.pdf
2025-08-11 20:58:51.302 +03:00 [INF] Simulating device usage for 15 seconds
2025-08-11 20:59:06.315 +03:00 [INF] Read 33571 characters from input file
2025-08-11 20:59:06.316 +03:00 [INF] Reversed 239 lines
2025-08-11 20:59:06.319 +03:00 [INF] Wrote processed content to: /Users/kemalutkumutlu/FileJobRouterEnYeni/data/Processed/2025-08-11/xyz/Digital Slip 2025-08-04 1956099164796341171701334.pdf
2025-08-11 20:59:06.320 +03:00 [INF] WorkerAppXYZ completed successfully
2025-08-11 21:02:44.938 +03:00 [INF] WorkerAppXYZ starting: /Users/kemalutkumutlu/FileJobRouterEnYeni/data/Test/xyz/Katilim-Belgesi.pdf -> /Users/kemalutkumutlu/FileJobRouterEnYeni/data/Processed/2025-08-11/xyz/Katilim-Belgesi.pdf
2025-08-11 21:02:44.954 +03:00 [INF] Simulating device usage for 10 seconds
2025-08-11 21:02:54.970 +03:00 [INF] Read 45200 characters from input file
2025-08-11 21:02:54.971 +03:00 [INF] Reversed 546 lines
2025-08-11 21:02:54.975 +03:00 [INF] Wrote processed content to: /Users/kemalutkumutlu/FileJobRouterEnYeni/data/Processed/2025-08-11/xyz/Katilim-Belgesi.pdf
2025-08-11 21:02:54.976 +03:00 [INF] WorkerAppXYZ completed successfully
2025-08-11 21:02:55.086 +03:00 [INF] WorkerAppXYZ starting: /Users/kemalutkumutlu/FileJobRouterEnYeni/data/Test/xyz/Katılım_KEMAL UTKU MUTLU.pdf -> /Users/kemalutkumutlu/FileJobRouterEnYeni/data/Processed/2025-08-11/xyz/Katılım_KEMAL UTKU MUTLU.pdf
2025-08-11 21:02:55.099 +03:00 [INF] Simulating device usage for 12 seconds
2025-08-11 21:03:07.149 +03:00 [INF] Read 1603424 characters from input file
2025-08-11 21:03:07.157 +03:00 [INF] Reversed 26693 lines
2025-08-11 21:03:07.168 +03:00 [INF] Wrote processed content to: /Users/kemalutkumutlu/FileJobRouterEnYeni/data/Processed/2025-08-11/xyz/Katılım_KEMAL UTKU MUTLU.pdf
2025-08-11 21:03:07.169 +03:00 [INF] WorkerAppXYZ completed successfully
2025-08-11 21:03:07.251 +03:00 [INF] WorkerAppXYZ starting: /Users/kemalutkumutlu/FileJobRouterEnYeni/data/Test/xyz/CV Kemal Utku Mutlu #1.pdf -> /Users/kemalutkumutlu/FileJobRouterEnYeni/data/Processed/2025-08-11/xyz/CV Kemal Utku Mutlu #1.pdf
2025-08-11 21:03:07.264 +03:00 [INF] Simulating device usage for 10 seconds
2025-08-11 21:03:17.284 +03:00 [INF] Read 52157 characters from input file
2025-08-11 21:03:17.285 +03:00 [INF] Reversed 1089 lines
2025-08-11 21:03:17.288 +03:00 [INF] Wrote processed content to: /Users/kemalutkumutlu/FileJobRouterEnYeni/data/Processed/2025-08-11/xyz/CV Kemal Utku Mutlu #1.pdf
2025-08-11 21:03:17.290 +03:00 [INF] WorkerAppXYZ completed successfully
2025-08-11 21:03:17.392 +03:00 [INF] WorkerAppXYZ starting: /Users/kemalutkumutlu/FileJobRouterEnYeni/data/Test/xyz/CV Kemal Utku Mutlu #1-2.pdf -> /Users/kemalutkumutlu/FileJobRouterEnYeni/data/Processed/2025-08-11/xyz/CV Kemal Utku Mutlu #1-2.pdf
2025-08-11 21:03:17.404 +03:00 [INF] Simulating device usage for 12 seconds
2025-08-11 21:03:29.422 +03:00 [INF] Read 52571 characters from input file
2025-08-11 21:03:29.424 +03:00 [INF] Reversed 1104 lines
2025-08-11 21:03:29.427 +03:00 [INF] Wrote processed content to: /Users/kemalutkumutlu/FileJobRouterEnYeni/data/Processed/2025-08-11/xyz/CV Kemal Utku Mutlu #1-2.pdf
2025-08-11 21:03:29.428 +03:00 [INF] WorkerAppXYZ completed successfully
2025-08-11 21:03:29.525 +03:00 [INF] WorkerAppXYZ starting: /Users/kemalutkumutlu/FileJobRouterEnYeni/data/Test/xyz/ATS_Tek_Sayfa_CV_Kemal_Utku_Mutlu.pdf -> /Users/kemalutkumutlu/FileJobRouterEnYeni/data/Processed/2025-08-11/xyz/ATS_Tek_Sayfa_CV_Kemal_Utku_Mutlu.pdf
2025-08-11 21:03:29.538 +03:00 [INF] Simulating device usage for 10 seconds
2025-08-11 21:03:39.553 +03:00 [INF] Read 3797 characters from input file
2025-08-11 21:03:39.554 +03:00 [INF] Reversed 81 lines
2025-08-11 21:03:39.557 +03:00 [INF] Wrote processed content to: /Users/kemalutkumutlu/FileJobRouterEnYeni/data/Processed/2025-08-11/xyz/ATS_Tek_Sayfa_CV_Kemal_Utku_Mutlu.pdf
2025-08-11 21:03:39.558 +03:00 [INF] WorkerAppXYZ completed successfully
2025-08-11 21:03:39.652 +03:00 [INF] WorkerAppXYZ starting: /Users/kemalutkumutlu/FileJobRouterEnYeni/data/Test/xyz/ATS_CV_Sablon.docx -> /Users/kemalutkumutlu/FileJobRouterEnYeni/data/Processed/2025-08-11/xyz/ATS_CV_Sablon.docx
2025-08-11 21:03:39.665 +03:00 [INF] Simulating device usage for 10 seconds
2025-08-11 21:03:49.679 +03:00 [INF] Read 35214 characters from input file
2025-08-11 21:03:49.681 +03:00 [INF] Reversed 186 lines
2025-08-11 21:03:49.684 +03:00 [INF] Wrote processed content to: /Users/kemalutkumutlu/FileJobRouterEnYeni/data/Processed/2025-08-11/xyz/ATS_CV_Sablon.docx
2025-08-11 21:03:49.685 +03:00 [INF] WorkerAppXYZ completed successfully
2025-08-11 21:03:49.785 +03:00 [INF] WorkerAppXYZ starting: /Users/kemalutkumutlu/FileJobRouterEnYeni/data/Test/xyz/CV Kemal Utku Mutlu #1-3.pdf -> /Users/kemalutkumutlu/FileJobRouterEnYeni/data/Processed/2025-08-11/xyz/CV Kemal Utku Mutlu #1-3.pdf
2025-08-11 21:03:49.797 +03:00 [INF] Simulating device usage for 6 seconds
2025-08-11 21:03:55.813 +03:00 [INF] Read 48131 characters from input file
2025-08-11 21:03:55.815 +03:00 [INF] Reversed 830 lines
2025-08-11 21:03:55.819 +03:00 [INF] Wrote processed content to: /Users/kemalutkumutlu/FileJobRouterEnYeni/data/Processed/2025-08-11/xyz/CV Kemal Utku Mutlu #1-3.pdf
2025-08-11 21:03:55.820 +03:00 [INF] WorkerAppXYZ completed successfully
2025-08-11 21:03:55.924 +03:00 [INF] WorkerAppXYZ starting: /Users/kemalutkumutlu/FileJobRouterEnYeni/data/Test/xyz/IMG_3652.jpg -> /Users/kemalutkumutlu/FileJobRouterEnYeni/data/Processed/2025-08-11/xyz/IMG_3652.jpg
2025-08-11 21:03:55.937 +03:00 [INF] Simulating device usage for 15 seconds
2025-08-11 21:04:10.968 +03:00 [INF] Read 348919 characters from input file
2025-08-11 21:04:10.971 +03:00 [INF] Reversed 1630 lines
2025-08-11 21:04:10.979 +03:00 [INF] Wrote processed content to: /Users/kemalutkumutlu/FileJobRouterEnYeni/data/Processed/2025-08-11/xyz/IMG_3652.jpg
2025-08-11 21:04:10.980 +03:00 [INF] WorkerAppXYZ completed successfully
2025-08-11 21:04:11.088 +03:00 [INF] WorkerAppXYZ starting: /Users/kemalutkumutlu/FileJobRouterEnYeni/data/Test/xyz/CV_Kemal_Utku_Mutlu_Tek_Sayfa.pdf -> /Users/kemalutkumutlu/FileJobRouterEnYeni/data/Processed/2025-08-11/xyz/CV_Kemal_Utku_Mutlu_Tek_Sayfa.pdf
2025-08-11 21:04:11.101 +03:00 [INF] Simulating device usage for 5 seconds
2025-08-11 21:04:16.113 +03:00 [INF] Read 5523 characters from input file
2025-08-11 21:04:16.114 +03:00 [INF] Reversed 75 lines
2025-08-11 21:04:16.116 +03:00 [INF] Wrote processed content to: /Users/kemalutkumutlu/FileJobRouterEnYeni/data/Processed/2025-08-11/xyz/CV_Kemal_Utku_Mutlu_Tek_Sayfa.pdf
2025-08-11 21:04:16.117 +03:00 [INF] WorkerAppXYZ completed successfully
2025-08-11 21:04:16.219 +03:00 [INF] WorkerAppXYZ starting: /Users/kemalutkumutlu/FileJobRouterEnYeni/data/Test/xyz/CV Kemal Utku Mutlu #1-4.pdf -> /Users/kemalutkumutlu/FileJobRouterEnYeni/data/Processed/2025-08-11/xyz/CV Kemal Utku Mutlu #1-4.pdf
2025-08-11 21:04:16.232 +03:00 [INF] Simulating device usage for 6 seconds
2025-08-11 21:04:22.249 +03:00 [INF] Read 48466 characters from input file
2025-08-11 21:04:22.252 +03:00 [INF] Reversed 871 lines
2025-08-11 21:04:22.255 +03:00 [INF] Wrote processed content to: /Users/kemalutkumutlu/FileJobRouterEnYeni/data/Processed/2025-08-11/xyz/CV Kemal Utku Mutlu #1-4.pdf
2025-08-11 21:04:22.257 +03:00 [INF] WorkerAppXYZ completed successfully
2025-08-11 21:04:22.360 +03:00 [INF] WorkerAppXYZ starting: /Users/kemalutkumutlu/FileJobRouterEnYeni/data/Test/xyz/CV Kemal Utku Mutlu #1-5.pdf -> /Users/kemalutkumutlu/FileJobRouterEnYeni/data/Processed/2025-08-11/xyz/CV Kemal Utku Mutlu #1-5.pdf
2025-08-11 21:04:22.374 +03:00 [INF] Simulating device usage for 11 seconds
2025-08-11 21:04:33.391 +03:00 [INF] Read 56358 characters from input file
2025-08-11 21:04:33.393 +03:00 [INF] Reversed 892 lines
2025-08-11 21:04:33.397 +03:00 [INF] Wrote processed content to: /Users/kemalutkumutlu/FileJobRouterEnYeni/data/Processed/2025-08-11/xyz/CV Kemal Utku Mutlu #1-5.pdf
2025-08-11 21:04:33.398 +03:00 [INF] WorkerAppXYZ completed successfully
