2025-08-06 16:02:41.602 +03:00 [INF] WorkerAppABC starting: /Users/kemalutkumutlu/FileJobRouterEnYeni/data/Test/abc/clean_test.txt -> /Users/kemalutkumutlu/FileJobRouterEnYeni/data/Processed/abc/clean_test.txt
2025-08-06 16:02:41.618 +03:00 [INF] Simulating device usage for 11 seconds
2025-08-06 16:02:52.632 +03:00 [INF] Read 88 characters from input file
2025-08-06 16:02:52.646 +03:00 [INF] Converted content to uppercase
2025-08-06 16:02:52.648 +03:00 [INF] Wrote processed content to: /Users/kemalutkumutlu/FileJobRouterEnYeni/data/Processed/abc/clean_test.txt
2025-08-06 16:02:52.648 +03:00 [INF] WorkerAppABC completed successfully
2025-08-06 16:03:35.675 +03:00 [INF] WorkerAppABC starting: /Users/kemalutkumutlu/FileJobRouterEnYeni/data/Test/root_clean.txt -> /Users/kemalutkumutlu/FileJobRouterEnYeni/data/Processed/abc/root_clean.txt
2025-08-06 16:03:35.689 +03:00 [INF] Simulating device usage for 7 seconds
2025-08-06 16:03:42.699 +03:00 [INF] Read 91 characters from input file
2025-08-06 16:03:42.712 +03:00 [INF] Converted content to uppercase
2025-08-06 16:03:42.713 +03:00 [INF] Wrote processed content to: /Users/kemalutkumutlu/FileJobRouterEnYeni/data/Processed/abc/root_clean.txt
2025-08-06 16:03:42.713 +03:00 [INF] WorkerAppABC completed successfully
2025-08-06 16:09:43.904 +03:00 [INF] WorkerAppABC starting: /Users/kemalutkumutlu/FileJobRouterEnYeni/data/Test/abc/test_failed.txt -> /Users/kemalutkumutlu/FileJobRouterEnYeni/data/Processed/abc/test_failed.txt
2025-08-06 16:09:43.918 +03:00 [INF] Simulating device usage for 15 seconds
2025-08-06 16:09:58.930 +03:00 [INF] Read 19 characters from input file
2025-08-06 16:09:58.944 +03:00 [INF] Converted content to uppercase
2025-08-06 16:09:58.945 +03:00 [INF] Wrote processed content to: /Users/kemalutkumutlu/FileJobRouterEnYeni/data/Processed/abc/test_failed.txt
2025-08-06 16:09:58.945 +03:00 [INF] WorkerAppABC completed successfully
2025-08-06 16:47:29.293 +03:00 [INF] WorkerAppABC starting: /Users/kemalutkumutlu/FileJobRouterEnYeni/data/Test/abc/Ultimate C# Masterclass - The complete list of topics.pdf -> /Users/kemalutkumutlu/FileJobRouterEnYeni/data/Processed/abc/Ultimate C# Masterclass - The complete list of topics.pdf
2025-08-06 16:47:29.310 +03:00 [INF] Simulating device usage for 14 seconds
2025-08-06 16:47:43.340 +03:00 [INF] Read 780016 characters from input file
2025-08-06 16:47:43.372 +03:00 [INF] Converted content to uppercase
2025-08-06 16:47:43.379 +03:00 [INF] Wrote processed content to: /Users/kemalutkumutlu/FileJobRouterEnYeni/data/Processed/abc/Ultimate C# Masterclass - The complete list of topics.pdf
2025-08-06 16:47:43.379 +03:00 [INF] WorkerAppABC completed successfully
2025-08-06 19:14:17.306 +03:00 [INF] WorkerAppABC starting: /Users/kemalutkumutlu/FileJobRouterEnYeni/data/Test/abc/test_upload.txt -> /Users/kemalutkumutlu/FileJobRouterEnYeni/data/Processed/abc/test_upload.txt
2025-08-06 19:14:17.321 +03:00 [INF] Simulating device usage for 9 seconds
2025-08-06 19:14:26.353 +03:00 [INF] Read 17 characters from input file
2025-08-06 19:14:26.365 +03:00 [INF] Converted content to uppercase
2025-08-06 19:14:26.368 +03:00 [INF] Wrote processed content to: /Users/kemalutkumutlu/FileJobRouterEnYeni/data/Processed/abc/test_upload.txt
2025-08-06 19:14:26.368 +03:00 [INF] WorkerAppABC completed successfully
2025-08-06 19:14:26.473 +03:00 [INF] WorkerAppABC starting: /Users/kemalutkumutlu/FileJobRouterEnYeni/data/Test/abc/test_upload.txt -> /Users/kemalutkumutlu/FileJobRouterEnYeni/data/Processed/abc/test_upload.txt
2025-08-06 19:14:26.485 +03:00 [ERR] Input file not found: /Users/kemalutkumutlu/FileJobRouterEnYeni/data/Test/abc/test_upload.txt
2025-08-06 19:14:26.604 +03:00 [INF] WorkerAppABC starting: /Users/kemalutkumutlu/FileJobRouterEnYeni/data/Test/abc/test_upload.txt -> /Users/kemalutkumutlu/FileJobRouterEnYeni/data/Processed/abc/test_upload.txt
2025-08-06 19:14:26.617 +03:00 [ERR] Input file not found: /Users/kemalutkumutlu/FileJobRouterEnYeni/data/Test/abc/test_upload.txt
2025-08-06 19:43:46.120 +03:00 [INF] WorkerAppABC starting: /Users/kemalutkumutlu/FileJobRouterEnYeni/data/Test/abc/04841746215115.pdf -> /Users/kemalutkumutlu/FileJobRouterEnYeni/data/Processed/abc/04841746215115.pdf
2025-08-06 19:43:46.133 +03:00 [INF] Simulating device usage for 11 seconds
2025-08-06 19:43:57.158 +03:00 [INF] Read 195029 characters from input file
2025-08-06 19:43:57.188 +03:00 [INF] Converted content to uppercase
2025-08-06 19:43:57.192 +03:00 [INF] Wrote processed content to: /Users/kemalutkumutlu/FileJobRouterEnYeni/data/Processed/abc/04841746215115.pdf
2025-08-06 19:43:57.192 +03:00 [INF] WorkerAppABC completed successfully
2025-08-06 20:22:40.477 +03:00 [INF] WorkerAppABC starting: /Users/kemalutkumutlu/FileJobRouterEnYeni/data/Test/abc/test_upload.txt -> /Users/kemalutkumutlu/FileJobRouterEnYeni/data/Processed/abc/test_upload.txt
2025-08-06 20:22:40.491 +03:00 [ERR] Input file not found: /Users/kemalutkumutlu/FileJobRouterEnYeni/data/Test/abc/test_upload.txt
